<?xml version="1.0" encoding="UTF-8"?>
<testsuite xmlns:xsi="http://www.w3.org/2001/XMLSchema-instance" xsi:noNamespaceSchemaLocation="https://maven.apache.org/surefire/maven-surefire-plugin/xsd/surefire-test-report.xsd" name="hwdp.Test1LibraryLogger" time="0" tests="5" errors="0" skipped="0" failures="0">
  <properties>
[...]
</properties>
  <testcase name="testExpensiveComputeSetup" classname="hwdp.Test1LibraryLogger" time="0"/>
  <testcase name="shouldMakeSingleInstance" classname="hwdp.Test1LibraryLogger" time="0"/>
  <testcase name="shouldReturnSameInstance" classname="hwdp.Test1LibraryLogger" time="0"/>
  <testcase name="shouldBeAbleToResetLines" classname="hwdp.Test1LibraryLogger" time="0"/>
  <testcase name="shouldBeAbleToWriteLine" classname="hwdp.Test1LibraryLogger" time="0"/>
</testsuite>